Using pre-set license
Built from '2020.3/staging' branch; Version is '2020.3.30f1 (1fb1bf06830e) revision 2077119'; Using compiler version '192528614'; Build Type 'Release'
OS: 'Windows 10  (10.0.19044) 64bit Professional' Language: 'en' Physical Memory: 3992 MB
BatchMode: 1, IsHumanControllingUs: 0, StartBugReporterOnCrash: 0, Is64bit: 1, IsPro: 0

COMMAND LINE ARGUMENTS:
C:\Program Files\Unity\Hub\Editor\2020.3.30f1\Editor\Unity.exe
-adb2
-batchMode
-noUpm
-name
AssetImportWorker0
-projectPath
C:/Users/Dinis/Desktop/projeto_medieval
-logFile
Logs/AssetImportWorker0.log
-srvPort
61260
Successfully changed project path to: C:/Users/Dinis/Desktop/projeto_medieval
C:/Users/Dinis/Desktop/projeto_medieval
Using Asset Import Pipeline V2.
Refreshing native plugins compatible for Editor in 53.15 ms, found 2 plugins.
Preloading 0 native plugins for Editor in 0.00 ms.
Initialize engine version: 2020.3.30f1 (1fb1bf06830e)
[Subsystems] Discovering subsystems at path C:/Program Files/Unity/Hub/Editor/2020.3.30f1/Editor/Data/Resources/UnitySubsystems
[Subsystems] Discovering subsystems at path C:/Users/Dinis/Desktop/projeto_medieval/Assets
GfxDevice: creating device client; threaded=0
Direct3D:
    Version:  Direct3D 11.0 [level 11.1]
    Renderer: AMD Radeon HD 8500M (ID=0x666f)
    Vendor:   
    VRAM:     2039 MB
    Driver:   27.20.20903.8001
Initialize mono
Mono path[0] = 'C:/Program Files/Unity/Hub/Editor/2020.3.30f1/Editor/Data/Managed'
Mono path[1] = 'C:/Program Files/Unity/Hub/Editor/2020.3.30f1/Editor/Data/MonoBleedingEdge/lib/mono/unityjit'
Mono config path = 'C:/Program Files/Unity/Hub/Editor/2020.3.30f1/Editor/Data/MonoBleedingEdge/etc'
Using monoOptions --debugger-agent=transport=dt_socket,embedding=1,server=y,suspend=n,address=127.0.0.1:56428
Begin MonoManager ReloadAssembly
Registering precompiled unity dll's ...
Register platform support module: C:/Program Files/Unity/Hub/Editor/2020.3.30f1/Editor/Data/PlaybackEngines/WebGLSupport/UnityEditor.WebGL.Extensions.dll
Register platform support module: C:/Program Files/Unity/Hub/Editor/2020.3.30f1/Editor/Data/PlaybackEngines/WindowsStandaloneSupport/UnityEditor.WindowsStandalone.Extensions.dll
Registered in 0.010183 seconds.
Native extension for WindowsStandalone target not found
Native extension for WebGL target not found
Refreshing native plugins compatible for Editor in 48.98 ms, found 2 plugins.
Preloading 0 native plugins for Editor in 0.00 ms.
Mono: successfully reloaded assembly
- Completed reload, in  0.939 seconds
Domain Reload Profiling:
	ReloadAssembly (940ms)
		BeginReloadAssembly (193ms)
			ExecutionOrderSort (0ms)
			DisableScriptedObjects (0ms)
			BackupInstance (0ms)
			ReleaseScriptingObjects (0ms)
			CreateAndSetChildDomain (1ms)
		EndReloadAssembly (630ms)
			LoadAssemblies (190ms)
			RebuildTransferFunctionScriptingTraits (0ms)
			SetupTypeCache (225ms)
			ReleaseScriptCaches (0ms)
			RebuildScriptCaches (42ms)
			SetupLoadedEditorAssemblies (224ms)
				LogAssemblyErrors (0ms)
				InitializePlatformSupportModulesInManaged (10ms)
				SetLoadedEditorAssemblies (0ms)
				RefreshPlugins (49ms)
				BeforeProcessingInitializeOnLoad (22ms)
				ProcessInitializeOnLoadAttributes (106ms)
				ProcessInitializeOnLoadMethodAttributes (36ms)
				AfterProcessingInitializeOnLoad (0ms)
				EditorAssembliesLoaded (0ms)
			ExecutionOrderSort2 (0ms)
			AwakeInstancesAfterBackupRestoration (0ms)
Platform modules already initialized, skipping
Registering precompiled user dll's ...
Registered in 0.017768 seconds.
Begin MonoManager ReloadAssembly
Native extension for WindowsStandalone target not found
Native extension for WebGL target not found
Refreshing native plugins compatible for Editor in 0.58 ms, found 2 plugins.
Preloading 0 native plugins for Editor in 0.00 ms.
Mono: successfully reloaded assembly
- Completed reload, in  1.906 seconds
Domain Reload Profiling:
	ReloadAssembly (1908ms)
		BeginReloadAssembly (231ms)
			ExecutionOrderSort (0ms)
			DisableScriptedObjects (6ms)
			BackupInstance (0ms)
			ReleaseScriptingObjects (0ms)
			CreateAndSetChildDomain (24ms)
		EndReloadAssembly (1586ms)
			LoadAssemblies (197ms)
			RebuildTransferFunctionScriptingTraits (0ms)
			SetupTypeCache (377ms)
			ReleaseScriptCaches (1ms)
			RebuildScriptCaches (59ms)
			SetupLoadedEditorAssemblies (857ms)
				LogAssemblyErrors (0ms)
				InitializePlatformSupportModulesInManaged (8ms)
				SetLoadedEditorAssemblies (1ms)
				RefreshPlugins (1ms)
				BeforeProcessingInitializeOnLoad (121ms)
				ProcessInitializeOnLoadAttributes (693ms)
				ProcessInitializeOnLoadMethodAttributes (16ms)
				AfterProcessingInitializeOnLoad (18ms)
				EditorAssembliesLoaded (0ms)
			ExecutionOrderSort2 (0ms)
			AwakeInstancesAfterBackupRestoration (9ms)
Platform modules already initialized, skipping
========================================================================
Worker process is ready to serve import requests
Launched and connected shader compiler UnityShaderCompiler.exe after 0.13 seconds
Refreshing native plugins compatible for Editor in 0.56 ms, found 2 plugins.
Preloading 0 native plugins for Editor in 0.00 ms.
Unloading 1684 Unused Serialized files (Serialized files now loaded: 0)
System memory in use before: 75.3 MB.
System memory in use after: 75.4 MB.

Unloading 16 unused Assets to reduce memory usage. Loaded Objects now: 2124.
Total: 4.123000 ms (FindLiveObjects: 0.208200 ms CreateObjectMapping: 0.086300 ms MarkObjects: 3.737900 ms  DeleteObjects: 0.089000 ms)

AssetImportParameters requested are different than current active one (requested -> active):
  custom:framework-win-MediaFoundation: 216162199b28c13a410421893ffa2e32 -> 
  custom:video-decoder-ogg-theora: a1e56fd34408186e4bbccfd4996cb3dc -> 
  custom:container-muxer-webm: aa71ff27fc2769a1b78a27578f13a17b -> 
  custom:container-demuxer-webm: 4f35f7cbe854078d1ac9338744f61a02 -> 
  custom:container-demuxer-ogg: 62fdf1f143b41e24485cea50d1cbac27 -> 
  custom:video-encoder-webm-vp8: eb34c28f22e8b96e1ab97ce403110664 -> 
  custom:video-decoder-webm-vp8: 9c59270c3fd7afecdb556c50c9e8de78 -> 
  custom:audio-decoder-ogg-vorbis: bf7c407c2cedff20999df2af8eb42d56 -> 
  custom:audio-encoder-webm-vorbis: bf7c407c2cedff20999df2af8eb42d56 -> 
========================================================================
Received Import Request.
  path: Assets/girlfprgame.fbx
  artifactKey: Guid(861040e3bf4d5b346acb689dfaef5be7) Importer(815301076,1909f56bfc062723c751e8b465ee728b)
Start importing Assets/girlfprgame.fbx using Guid(861040e3bf4d5b346acb689dfaef5be7) Importer(815301076,1909f56bfc062723c751e8b465ee728b)  -> (artifact id: '419a5e9c395ac95fad16dc4393452e4d') in 0.655729 seconds 
========================================================================
Received Import Request.
  Time since last request: 0.000790 seconds.
  path: Assets/girlfprgamerrr.fbx
  artifactKey: Guid(1c993229d7c20fe4299d373991b76daa) Importer(815301076,1909f56bfc062723c751e8b465ee728b)
Start importing Assets/girlfprgamerrr.fbx using Guid(1c993229d7c20fe4299d373991b76daa) Importer(815301076,1909f56bfc062723c751e8b465ee728b)  -> (artifact id: '3eb5f705187d1073dac23488ac8504a9') in 0.307510 seconds 
========================================================================
Received Import Request.
  Time since last request: 9.693144 seconds.
  path: Assets/Invector-3rdPersonController/Basic Locomotion/HUD/guide-texts/Materials/45.mat
  artifactKey: Guid(400a32ebf1c71194aa9b95f31e6737cd) Importer(815301076,1909f56bfc062723c751e8b465ee728b)
Start importing Assets/Invector-3rdPersonController/Basic Locomotion/HUD/guide-texts/Materials/45.mat using Guid(400a32ebf1c71194aa9b95f31e6737cd) Importer(815301076,1909f56bfc062723c751e8b465ee728b)  -> (artifact id: 'bc6be143a6653765699b69914f2d7bfe') in 0.201102 seconds 
========================================================================
Received Import Request.
  Time since last request: 0.000343 seconds.
  path: Assets/Invector-3rdPersonController/Basic Locomotion/3D Models/Characters/Invector@V-Bot/Materials/base-1.mat
  artifactKey: Guid(34a17f31ab0f061478a10cd279c11b45) Importer(815301076,1909f56bfc062723c751e8b465ee728b)
Start importing Assets/Invector-3rdPersonController/Basic Locomotion/3D Models/Characters/Invector@V-Bot/Materials/base-1.mat using Guid(34a17f31ab0f061478a10cd279c11b45) Importer(815301076,1909f56bfc062723c751e8b465ee728b)  -> (artifact id: '3671d21e6ea796866f3e3da1f2a1bddf') in 0.064472 seconds 
========================================================================
Received Import Request.
  Time since last request: 0.000255 seconds.
  path: Assets/Invector-3rdPersonController/Basic Locomotion/HUD/guide-texts/Materials/50.mat
  artifactKey: Guid(57928c61a9fa660488b68a6aeb2b26d3) Importer(815301076,1909f56bfc062723c751e8b465ee728b)
Start importing Assets/Invector-3rdPersonController/Basic Locomotion/HUD/guide-texts/Materials/50.mat using Guid(57928c61a9fa660488b68a6aeb2b26d3) Importer(815301076,1909f56bfc062723c751e8b465ee728b)  -> (artifact id: '8d0460233c47960de390b347c611fce5') in 0.059732 seconds 
========================================================================
Received Import Request.
  Time since last request: 0.000352 seconds.
  path: Assets/Invector-3rdPersonController/Basic Locomotion/HUD/guide-texts/Materials/60.mat
  artifactKey: Guid(d9d20ea683682844287d1d50dfbf2572) Importer(815301076,1909f56bfc062723c751e8b465ee728b)
Start importing Assets/Invector-3rdPersonController/Basic Locomotion/HUD/guide-texts/Materials/60.mat using Guid(d9d20ea683682844287d1d50dfbf2572) Importer(815301076,1909f56bfc062723c751e8b465ee728b)  -> (artifact id: 'fbfe33771ec1c4432230af01d9a0429a') in 0.056766 seconds 
========================================================================
Received Import Request.
  Time since last request: 0.000342 seconds.
  path: Assets/Invector-3rdPersonController/Basic Locomotion/3D Models/Characters/Invector@V-Bot/Materials/base-2.mat
  artifactKey: Guid(7d8642d91e43fa94a9d7f13346d31d07) Importer(815301076,1909f56bfc062723c751e8b465ee728b)
Start importing Assets/Invector-3rdPersonController/Basic Locomotion/3D Models/Characters/Invector@V-Bot/Materials/base-2.mat using Guid(7d8642d91e43fa94a9d7f13346d31d07) Importer(815301076,1909f56bfc062723c751e8b465ee728b)  -> (artifact id: 'fd664fc1af2471fa859b0db4aa78ebf0') in 0.050048 seconds 
========================================================================
Received Import Request.
  Time since last request: 0.000309 seconds.
  path: Assets/Invector-3rdPersonController/Basic Locomotion/Resources/Materials/arrow.mat
  artifactKey: Guid(1ef312f4c8921c640b42824bb36e9ca2) Importer(815301076,1909f56bfc062723c751e8b465ee728b)
Start importing Assets/Invector-3rdPersonController/Basic Locomotion/Resources/Materials/arrow.mat using Guid(1ef312f4c8921c640b42824bb36e9ca2) Importer(815301076,1909f56bfc062723c751e8b465ee728b)  -> (artifact id: '9dabe2ac59f175815a293c5336ee5797') in 0.124462 seconds 
========================================================================
Received Import Request.
  Time since last request: 0.000355 seconds.
  path: Assets/Invector-3rdPersonController/Basic Locomotion/3D Models/Characters/Invector@V-Bot/Materials@custom/base-1@custom.mat
  artifactKey: Guid(e8dc3a834ff82674bb185ef3a9385eb3) Importer(815301076,1909f56bfc062723c751e8b465ee728b)
Start importing Assets/Invector-3rdPersonController/Basic Locomotion/3D Models/Characters/Invector@V-Bot/Materials@custom/base-1@custom.mat using Guid(e8dc3a834ff82674bb185ef3a9385eb3) Importer(815301076,1909f56bfc062723c751e8b465ee728b)  -> (artifact id: 'c6945db19f6e922901bcbfcea029c1a5') in 0.048767 seconds 
========================================================================
Received Import Request.
  Time since last request: 0.000242 seconds.
  path: Assets/Invector-3rdPersonController/Basic Locomotion/3D Models/Characters/Invector@V-Bot/Materials@custom/base-2@custom.mat
  artifactKey: Guid(089472169283b7e4490f59c8fcb44a0e) Importer(815301076,1909f56bfc062723c751e8b465ee728b)
Start importing Assets/Invector-3rdPersonController/Basic Locomotion/3D Models/Characters/Invector@V-Bot/Materials@custom/base-2@custom.mat using Guid(089472169283b7e4490f59c8fcb44a0e) Importer(815301076,1909f56bfc062723c751e8b465ee728b)  -> (artifact id: '0c448ed5571f9444585a877bec172d0c') in 0.056484 seconds 
========================================================================
Received Import Request.
  Time since last request: 0.603370 seconds.
  path: Assets/Invector-3rdPersonController/Basic Locomotion/Resources/Materials/basicLogo.mat
  artifactKey: Guid(95e8ddafe35d7fa489f1b9ef6bb570d8) Importer(815301076,1909f56bfc062723c751e8b465ee728b)
Start importing Assets/Invector-3rdPersonController/Basic Locomotion/Resources/Materials/basicLogo.mat using Guid(95e8ddafe35d7fa489f1b9ef6bb570d8) Importer(815301076,1909f56bfc062723c751e8b465ee728b)  -> (artifact id: 'f731de624ed3e473593a55ab1def8adb') in 0.195956 seconds 
========================================================================
Received Import Request.
  Time since last request: 0.000303 seconds.
  path: Assets/Invector-3rdPersonController/Basic Locomotion/3D Models/Textures/prototype_textures/blue_floor_Tiled 1.mat
  artifactKey: Guid(50379933e8dbabe4eb6d36e41aec0185) Importer(815301076,1909f56bfc062723c751e8b465ee728b)
Start importing Assets/Invector-3rdPersonController/Basic Locomotion/3D Models/Textures/prototype_textures/blue_floor_Tiled 1.mat using Guid(50379933e8dbabe4eb6d36e41aec0185) Importer(815301076,1909f56bfc062723c751e8b465ee728b)  -> (artifact id: 'b539f3a3565f56a620a654c2daf12eac') in 0.248081 seconds 
========================================================================
Received Import Request.
  Time since last request: 0.000306 seconds.
  path: Assets/Invector-3rdPersonController/Basic Locomotion/3D Models/Textures/basicTextures/Materials/blockIcon.mat
  artifactKey: Guid(bfbb0dc28d099374ea54992d9c8b94a6) Importer(815301076,1909f56bfc062723c751e8b465ee728b)
Start importing Assets/Invector-3rdPersonController/Basic Locomotion/3D Models/Textures/basicTextures/Materials/blockIcon.mat using Guid(bfbb0dc28d099374ea54992d9c8b94a6) Importer(815301076,1909f56bfc062723c751e8b465ee728b)  -> (artifact id: 'f06d8896d0f2656482210aae9a12f229') in 0.209247 seconds 
========================================================================
Received Import Request.
  Time since last request: 0.000302 seconds.
  path: Assets/Invector-3rdPersonController/Basic Locomotion/3D Models/Others/Materials/blue_cube_simple.mat
  artifactKey: Guid(b9c988e3a01f8a34f8cf350e4f566def) Importer(815301076,1909f56bfc062723c751e8b465ee728b)
Start importing Assets/Invector-3rdPersonController/Basic Locomotion/3D Models/Others/Materials/blue_cube_simple.mat using Guid(b9c988e3a01f8a34f8cf350e4f566def) Importer(815301076,1909f56bfc062723c751e8b465ee728b)  -> (artifact id: '5e2734c58e395d384717c9ddaf453b37') in 0.067025 seconds 
========================================================================
Received Import Request.
  Time since last request: 0.000286 seconds.
  path: Assets/Invector-3rdPersonController/Basic Locomotion/3D Models/Others/Materials/blue_floor_Tiled.mat
  artifactKey: Guid(b5318195f3001224f8d89ed125cd996b) Importer(815301076,1909f56bfc062723c751e8b465ee728b)
Start importing Assets/Invector-3rdPersonController/Basic Locomotion/3D Models/Others/Materials/blue_floor_Tiled.mat using Guid(b5318195f3001224f8d89ed125cd996b) Importer(815301076,1909f56bfc062723c751e8b465ee728b)  -> (artifact id: '69ff0a12f6ccc7e3ca01e1e6e30651f8') in 0.048081 seconds 
========================================================================
Received Import Request.
  Time since last request: 0.000408 seconds.
  path: Assets/Invector-3rdPersonController/Basic Locomotion/3D Models/Particles/DamageEffect/materials/bloodSplash.mat
  artifactKey: Guid(2d324f779821859488f2c38807d7f18d) Importer(815301076,1909f56bfc062723c751e8b465ee728b)
Start importing Assets/Invector-3rdPersonController/Basic Locomotion/3D Models/Particles/DamageEffect/materials/bloodSplash.mat using Guid(2d324f779821859488f2c38807d7f18d) Importer(815301076,1909f56bfc062723c751e8b465ee728b)  -> (artifact id: '0d36f79c915ba509e6f8cc4219ff3d91') in 0.112336 seconds 
========================================================================
Received Import Request.
  Time since last request: 0.000243 seconds.
  path: Assets/Invector-3rdPersonController/Basic Locomotion/3D Models/Others/Materials/blue_cube.mat
  artifactKey: Guid(e214d4cadc22d544dae9aa451755af12) Importer(815301076,1909f56bfc062723c751e8b465ee728b)
Start importing Assets/Invector-3rdPersonController/Basic Locomotion/3D Models/Others/Materials/blue_cube.mat using Guid(e214d4cadc22d544dae9aa451755af12) Importer(815301076,1909f56bfc062723c751e8b465ee728b)  -> (artifact id: '7f7f0985920e1620e703e66363a4dfde') in 0.042526 seconds 
========================================================================
Received Import Request.
  Time since last request: 0.000248 seconds.
  path: Assets/Invector-3rdPersonController/Basic Locomotion/3D Models/Particles/DamageEffect/materials/bloodSplash 1.mat
  artifactKey: Guid(e76ba17d8381af145b73e14a7e8586cd) Importer(815301076,1909f56bfc062723c751e8b465ee728b)
Start importing Assets/Invector-3rdPersonController/Basic Locomotion/3D Models/Particles/DamageEffect/materials/bloodSplash 1.mat using Guid(e76ba17d8381af145b73e14a7e8586cd) Importer(815301076,1909f56bfc062723c751e8b465ee728b)  -> (artifact id: '3d6c60e6f0cf8691cef67cdb0a053aaf') in 0.042958 seconds 
========================================================================
Received Import Request.
  Time since last request: 0.000324 seconds.
  path: Assets/Invector-3rdPersonController/Basic Locomotion/3D Models/Others/Materials/blue_door_simple.mat
  artifactKey: Guid(36f46cb6c3aa5b341af66d6edf02bca9) Importer(815301076,1909f56bfc062723c751e8b465ee728b)
Start importing Assets/Invector-3rdPersonController/Basic Locomotion/3D Models/Others/Materials/blue_door_simple.mat using Guid(36f46cb6c3aa5b341af66d6edf02bca9) Importer(815301076,1909f56bfc062723c751e8b465ee728b)  -> (artifact id: 'faf876c725e714905205afc89f345f2a') in 0.040461 seconds 
========================================================================
Received Import Request.
  Time since last request: 0.000283 seconds.
  path: Assets/Invector-3rdPersonController/Basic Locomotion/3D Models/Others/basicSky.mat
  artifactKey: Guid(5c82f5860bd4ab14f9ee7842f7f7e6e2) Importer(815301076,1909f56bfc062723c751e8b465ee728b)
Start importing Assets/Invector-3rdPersonController/Basic Locomotion/3D Models/Others/basicSky.mat using Guid(5c82f5860bd4ab14f9ee7842f7f7e6e2) Importer(815301076,1909f56bfc062723c751e8b465ee728b)  -> (artifact id: '2eeaa85de35f03beb62fca101d65fd5c') in 0.153781 seconds 
========================================================================
Received Import Request.
  Time since last request: 257.750159 seconds.
  path: Assets/mat4_a.jpg
  artifactKey: Guid(bcf8c6a0e6e4ceb448ca69edae21ed70) Importer(815301076,1909f56bfc062723c751e8b465ee728b)
Start importing Assets/mat4_a.jpg using Guid(bcf8c6a0e6e4ceb448ca69edae21ed70) Importer(815301076,1909f56bfc062723c751e8b465ee728b)  -> (artifact id: '123acc46d11299c789ed43b10c60007d') in 0.060287 seconds 
========================================================================
Received Import Request.
  Time since last request: 0.215654 seconds.
  path: Assets/mat4_n.jpg
  artifactKey: Guid(e837de96a33a61e44a200a666dfce317) Importer(815301076,1909f56bfc062723c751e8b465ee728b)
Start importing Assets/mat4_n.jpg using Guid(e837de96a33a61e44a200a666dfce317) Importer(815301076,1909f56bfc062723c751e8b465ee728b)  -> (artifact id: '6bac7c6be715668e195de99d91d45dcc') in 0.028219 seconds 
========================================================================
Received Import Request.
  Time since last request: 0.462242 seconds.
  path: Assets/mat4_r.jpg
  artifactKey: Guid(7e846be7efe8c1d4db46a0ab26f9bc1b) Importer(815301076,1909f56bfc062723c751e8b465ee728b)
Start importing Assets/mat4_r.jpg using Guid(7e846be7efe8c1d4db46a0ab26f9bc1b) Importer(815301076,1909f56bfc062723c751e8b465ee728b)  -> (artifact id: '17fbf8c98193b4af28b7d6a9db04981f') in 0.029494 seconds 
========================================================================
Received Import Request.
  Time since last request: 0.346594 seconds.
  path: Assets/mat4_c.jpg
  artifactKey: Guid(a6cd7b6cee56e8044aea0fd456b157be) Importer(815301076,1909f56bfc062723c751e8b465ee728b)
Start importing Assets/mat4_c.jpg using Guid(a6cd7b6cee56e8044aea0fd456b157be) Importer(815301076,1909f56bfc062723c751e8b465ee728b)  -> (artifact id: '283654944a368125af1e9bb7e488dc17') in 0.062108 seconds 
========================================================================
Received Import Request.
  Time since last request: 7.899171 seconds.
  path: Assets
  artifactKey: Guid(00000000000000001000000000000000) Importer(815301076,1909f56bfc062723c751e8b465ee728b)
Start importing Assets using Guid(00000000000000001000000000000000) Importer(815301076,1909f56bfc062723c751e8b465ee728b)  -> (artifact id: '42d402b061de3733987d63b9cc3b64de') in 0.013324 seconds 
========================================================================
Received Import Request.
  Time since last request: 174.943860 seconds.
  path: Assets/girlfprgamerrr.fbx
  artifactKey: Guid(1c993229d7c20fe4299d373991b76daa) Importer(815301076,1909f56bfc062723c751e8b465ee728b)
Start importing Assets/girlfprgamerrr.fbx using Guid(1c993229d7c20fe4299d373991b76daa) Importer(815301076,1909f56bfc062723c751e8b465ee728b)  -> (artifact id: 'cc945b2a69fd0f8710d8d00fb83182b7') in 0.592968 seconds 
========================================================================
Received Prepare
Registering precompiled user dll's ...
Registered in 0.303241 seconds.
Begin MonoManager ReloadAssembly
Native extension for WindowsStandalone target not found
Native extension for WebGL target not found
Refreshing native plugins compatible for Editor in 75.40 ms, found 2 plugins.
Preloading 0 native plugins for Editor in 0.00 ms.
Mono: successfully reloaded assembly
- Completed reload, in  3.338 seconds
Domain Reload Profiling:
	ReloadAssembly (3359ms)
		BeginReloadAssembly (753ms)
			ExecutionOrderSort (0ms)
			DisableScriptedObjects (59ms)
			BackupInstance (0ms)
			ReleaseScriptingObjects (0ms)
			CreateAndSetChildDomain (252ms)
		EndReloadAssembly (1997ms)
			LoadAssemblies (550ms)
			RebuildTransferFunctionScriptingTraits (0ms)
			SetupTypeCache (582ms)
			ReleaseScriptCaches (6ms)
			RebuildScriptCaches (52ms)
			SetupLoadedEditorAssemblies (799ms)
				LogAssemblyErrors (0ms)
				InitializePlatformSupportModulesInManaged (8ms)
				SetLoadedEditorAssemblies (0ms)
				RefreshPlugins (76ms)
				BeforeProcessingInitializeOnLoad (119ms)
				ProcessInitializeOnLoadAttributes (524ms)
				ProcessInitializeOnLoadMethodAttributes (58ms)
				AfterProcessingInitializeOnLoad (15ms)
				EditorAssembliesLoaded (0ms)
			ExecutionOrderSort2 (0ms)
			AwakeInstancesAfterBackupRestoration (9ms)
Platform modules already initialized, skipping
Refreshing native plugins compatible for Editor in 1.03 ms, found 2 plugins.
Preloading 0 native plugins for Editor in 0.00 ms.
Unloading 2477 Unused Serialized files (Serialized files now loaded: 0)
System memory in use before: 101.7 MB.
System memory in use after: 101.7 MB.

Unloading 18 unused Assets to reduce memory usage. Loaded Objects now: 2964.
Total: 17.946700 ms (FindLiveObjects: 1.524100 ms CreateObjectMapping: 0.249600 ms MarkObjects: 15.929800 ms  DeleteObjects: 0.241200 ms)

AssetImportParameters requested are different than current active one (requested -> active):
  custom:framework-win-MediaFoundation: 216162199b28c13a410421893ffa2e32 -> 
  custom:video-decoder-ogg-theora: a1e56fd34408186e4bbccfd4996cb3dc -> 
  custom:container-muxer-webm: aa71ff27fc2769a1b78a27578f13a17b -> 
  custom:container-demuxer-webm: 4f35f7cbe854078d1ac9338744f61a02 -> 
  custom:container-demuxer-ogg: 62fdf1f143b41e24485cea50d1cbac27 -> 
  custom:video-encoder-webm-vp8: eb34c28f22e8b96e1ab97ce403110664 -> 
  custom:video-decoder-webm-vp8: 9c59270c3fd7afecdb556c50c9e8de78 -> 
  custom:audio-decoder-ogg-vorbis: bf7c407c2cedff20999df2af8eb42d56 -> 
  custom:audio-encoder-webm-vorbis: bf7c407c2cedff20999df2af8eb42d56 -> 
========================================================================
Received Import Request.
  Time since last request: 2333.450184 seconds.
  path: Assets/mat1.shadersubgraph
  artifactKey: Guid(e5818612c522a294f8d309d76c5e3443) Importer(815301076,1909f56bfc062723c751e8b465ee728b)
Start importing Assets/mat1.shadersubgraph using Guid(e5818612c522a294f8d309d76c5e3443) Importer(815301076,1909f56bfc062723c751e8b465ee728b)  -> (artifact id: '664050959e220e98b89240ce5a0845bd') in 0.080757 seconds 
========================================================================
Received Import Request.
  Time since last request: 393.271295 seconds.
  path: Assets/mat1.shadergraph
  artifactKey: Guid(00708e2c7e9756948bcfa69a623f0ac0) Importer(815301076,1909f56bfc062723c751e8b465ee728b)
Start importing Assets/mat1.shadergraph using Guid(00708e2c7e9756948bcfa69a623f0ac0) Importer(815301076,1909f56bfc062723c751e8b465ee728b)  -> (artifact id: '05d851b9790f47e1898e2799fa7c3706') in 0.014536 seconds 
========================================================================
Received Prepare
Registering precompiled user dll's ...
Registered in 0.243733 seconds.
Begin MonoManager ReloadAssembly
Native extension for WindowsStandalone target not found
Native extension for WebGL target not found
Refreshing native plugins compatible for Editor in 1.54 ms, found 2 plugins.
Preloading 0 native plugins for Editor in 0.00 ms.
Mono: successfully reloaded assembly
- Completed reload, in  3.920 seconds
Domain Reload Profiling:
	ReloadAssembly (3946ms)
		BeginReloadAssembly (1197ms)
			ExecutionOrderSort (0ms)
			DisableScriptedObjects (68ms)
			BackupInstance (0ms)
			ReleaseScriptingObjects (4ms)
			CreateAndSetChildDomain (400ms)
		EndReloadAssembly (2513ms)
			LoadAssemblies (1073ms)
			RebuildTransferFunctionScriptingTraits (1ms)
			SetupTypeCache (746ms)
			ReleaseScriptCaches (3ms)
			RebuildScriptCaches (78ms)
			SetupLoadedEditorAssemblies (882ms)
				LogAssemblyErrors (0ms)
				InitializePlatformSupportModulesInManaged (12ms)
				SetLoadedEditorAssemblies (2ms)
				RefreshPlugins (2ms)
				BeforeProcessingInitializeOnLoad (166ms)
				ProcessInitializeOnLoadAttributes (664ms)
				ProcessInitializeOnLoadMethodAttributes (17ms)
				AfterProcessingInitializeOnLoad (17ms)
				EditorAssembliesLoaded (0ms)
			ExecutionOrderSort2 (0ms)
			AwakeInstancesAfterBackupRestoration (11ms)
Platform modules already initialized, skipping
Shader 'Universal Render Pipeline/Nature/SpeedTree7': dependency 'BillboardShader' shader 'Universal Render Pipeline/Nature/SpeedTree7 Billboard' not found
Shader 'Universal Render Pipeline/Baked Lit': fallback shader 'Universal Render Pipeline/Unlit' not found
Shader 'Universal Render Pipeline/Simple Lit': fallback shader 'Hidden/Universal Render Pipeline/FallbackError' not found
Shader 'Universal Render Pipeline/Terrain/Lit': fallback shader 'Hidden/Universal Render Pipeline/FallbackError' not found
Shader 'Universal Render Pipeline/Terrain/Lit': dependency 'AddPassShader' shader 'Hidden/Universal Render Pipeline/Terrain/Lit (Add Pass)' not found
Shader 'Universal Render Pipeline/Terrain/Lit': dependency 'BaseMapShader' shader 'Hidden/Universal Render Pipeline/Terrain/Lit (Base Pass)' not found
Shader 'Universal Render Pipeline/Terrain/Lit': dependency 'BaseMapGenShader' shader 'Hidden/Universal Render Pipeline/Terrain/Lit (Basemap Gen)' not found
Shader 'Hidden/Universal Render Pipeline/Terrain/Lit (Add Pass)': fallback shader 'Hidden/Universal Render Pipeline/FallbackError' not found
Shader 'Hidden/Universal Render Pipeline/Terrain/Lit (Base Pass)': fallback shader 'Hidden/Universal Render Pipeline/FallbackError' not found
Refreshing native plugins compatible for Editor in 1.15 ms, found 2 plugins.
Preloading 0 native plugins for Editor in 0.00 ms.
Unloading 2934 Unused Serialized files (Serialized files now loaded: 0)
System memory in use before: 131.4 MB.
System memory in use after: 127.1 MB.

Unloading 68 unused Assets to reduce memory usage. Loaded Objects now: 3373.
Total: 18.388200 ms (FindLiveObjects: 1.274900 ms CreateObjectMapping: 0.177500 ms MarkObjects: 13.219900 ms  DeleteObjects: 3.713500 ms)

AssetImportParameters requested are different than current active one (requested -> active):
  custom:framework-win-MediaFoundation: 216162199b28c13a410421893ffa2e32 -> 
  custom:video-decoder-ogg-theora: a1e56fd34408186e4bbccfd4996cb3dc -> 
  custom:container-muxer-webm: aa71ff27fc2769a1b78a27578f13a17b -> 
  custom:container-demuxer-webm: 4f35f7cbe854078d1ac9338744f61a02 -> 
  custom:container-demuxer-ogg: 62fdf1f143b41e24485cea50d1cbac27 -> 
  custom:video-encoder-webm-vp8: eb34c28f22e8b96e1ab97ce403110664 -> 
  custom:video-decoder-webm-vp8: 9c59270c3fd7afecdb556c50c9e8de78 -> 
  custom:audio-decoder-ogg-vorbis: bf7c407c2cedff20999df2af8eb42d56 -> 
  custom:audio-encoder-webm-vorbis: bf7c407c2cedff20999df2af8eb42d56 -> 
========================================================================
Received Import Request.
  Time since last request: 364.171898 seconds.
  path: Assets/mat1.shadergraph
  artifactKey: Guid(00708e2c7e9756948bcfa69a623f0ac0) Importer(815301076,1909f56bfc062723c751e8b465ee728b)
Start importing Assets/mat1.shadergraph using Guid(00708e2c7e9756948bcfa69a623f0ac0) Importer(815301076,1909f56bfc062723c751e8b465ee728b)  -> (artifact id: 'faf2d535b3d894765342fd6137f5e4d8') in 0.040344 seconds 
========================================================================
Received Import Request.
  Time since last request: 1237.428456 seconds.
  path: Assets/Invector-3rdPersonController/Basic Locomotion/3D Models/Textures/basicTextures/locomotion_statuePlate_OCC2.png
  artifactKey: Guid(c0dc1d586d3eb134583639343a494d3e) Importer(815301076,1909f56bfc062723c751e8b465ee728b)
Start importing Assets/Invector-3rdPersonController/Basic Locomotion/3D Models/Textures/basicTextures/locomotion_statuePlate_OCC2.png using Guid(c0dc1d586d3eb134583639343a494d3e) Importer(815301076,1909f56bfc062723c751e8b465ee728b)  -> (artifact id: 'e04b9743766b7a2a0b40f56ee27c494b') in 0.338481 seconds 
========================================================================
Received Import Request.
  Time since last request: 0.000364 seconds.
  path: Assets/mat4_n.jpg
  artifactKey: Guid(e837de96a33a61e44a200a666dfce317) Importer(815301076,1909f56bfc062723c751e8b465ee728b)
Start importing Assets/mat4_n.jpg using Guid(e837de96a33a61e44a200a666dfce317) Importer(815301076,1909f56bfc062723c751e8b465ee728b)  -> (artifact id: '2b8a8c6b9ab33f7e3e0c1dc0f4c27795') in 0.209129 seconds 
========================================================================
Received Import Request.
  Time since last request: 0.001431 seconds.
  path: Assets/Invector-3rdPersonController/Basic Locomotion/Resources/logo.png
  artifactKey: Guid(b41c20f228db90a4b8a48d3585f54c4c) Importer(815301076,1909f56bfc062723c751e8b465ee728b)
Start importing Assets/Invector-3rdPersonController/Basic Locomotion/Resources/logo.png using Guid(b41c20f228db90a4b8a48d3585f54c4c) Importer(815301076,1909f56bfc062723c751e8b465ee728b)  -> (artifact id: '532e3e8679d043b95bb936f4846ce266') in 0.124483 seconds 
========================================================================
Received Import Request.
  Time since last request: 0.000497 seconds.
  path: Assets/Invector-3rdPersonController/Basic Locomotion/3D Models/Textures/basicTextures/Melee-Logo.png
  artifactKey: Guid(afc1f4ecbdcff7748a784b17612054ab) Importer(815301076,1909f56bfc062723c751e8b465ee728b)
Start importing Assets/Invector-3rdPersonController/Basic Locomotion/3D Models/Textures/basicTextures/Melee-Logo.png using Guid(afc1f4ecbdcff7748a784b17612054ab) Importer(815301076,1909f56bfc062723c751e8b465ee728b)  -> (artifact id: '59d2c4bdb848ad04763d1a4b64437bbb') in 0.070071 seconds 
========================================================================
Received Import Request.
  Time since last request: 0.000387 seconds.
  path: Assets/Invector-3rdPersonController/Basic Locomotion/3D Models/Textures/basicTextures/melee_statuePlate_Melee_NRM.png
  artifactKey: Guid(359c515ad14f14347b1510d182727c48) Importer(815301076,1909f56bfc062723c751e8b465ee728b)
Start importing Assets/Invector-3rdPersonController/Basic Locomotion/3D Models/Textures/basicTextures/melee_statuePlate_Melee_NRM.png using Guid(359c515ad14f14347b1510d182727c48) Importer(815301076,1909f56bfc062723c751e8b465ee728b)  -> (artifact id: 'bb177b04d8e81713ac994d9c6c5c231c') in 0.049773 seconds 
========================================================================
Received Import Request.
  Time since last request: 0.000332 seconds.
  path: Assets/Invector-3rdPersonController/Basic Locomotion/3D Models/Textures/basicTextures/LocomotionBanner.png
  artifactKey: Guid(dd1915137afa94443a016d1aee79f91b) Importer(815301076,1909f56bfc062723c751e8b465ee728b)
Start importing Assets/Invector-3rdPersonController/Basic Locomotion/3D Models/Textures/basicTextures/LocomotionBanner.png using Guid(dd1915137afa94443a016d1aee79f91b) Importer(815301076,1909f56bfc062723c751e8b465ee728b)  -> (artifact id: 'a27ef81d58d0b852a596c657bf72d2c0') in 0.059458 seconds 
========================================================================
Received Import Request.
  Time since last request: 291.504263 seconds.
  path: Assets/Invector-3rdPersonController/Basic Locomotion/3D Models/Textures/basicTextures/MeleeBanner.png
  artifactKey: Guid(9cebd6075f56577458723853ac7365bb) Importer(815301076,1909f56bfc062723c751e8b465ee728b)
Start importing Assets/Invector-3rdPersonController/Basic Locomotion/3D Models/Textures/basicTextures/MeleeBanner.png using Guid(9cebd6075f56577458723853ac7365bb) Importer(815301076,1909f56bfc062723c751e8b465ee728b)  -> (artifact id: '35aac31752104c5088af4634baeaeee4') in 0.051033 seconds 
========================================================================
Received Import Request.
  Time since last request: 0.000421 seconds.
  path: Assets/Invector-3rdPersonController/Basic Locomotion/Resources/meleeIcon.png
  artifactKey: Guid(4528eb4d1a5e3664c987422a8ad5f83f) Importer(815301076,1909f56bfc062723c751e8b465ee728b)
Start importing Assets/Invector-3rdPersonController/Basic Locomotion/Resources/meleeIcon.png using Guid(4528eb4d1a5e3664c987422a8ad5f83f) Importer(815301076,1909f56bfc062723c751e8b465ee728b)  -> (artifact id: '2e7d541c0fdf94496decf55842e33904') in 0.057348 seconds 
========================================================================
Received Import Request.
  Time since last request: 0.000390 seconds.
  path: Assets/Invector-3rdPersonController/Basic Locomotion/3D Models/Textures/prototype_textures/Textures/metal_normal.png
  artifactKey: Guid(12f69e56d82f345468f635e2842c3154) Importer(815301076,1909f56bfc062723c751e8b465ee728b)
Start importing Assets/Invector-3rdPersonController/Basic Locomotion/3D Models/Textures/prototype_textures/Textures/metal_normal.png using Guid(12f69e56d82f345468f635e2842c3154) Importer(815301076,1909f56bfc062723c751e8b465ee728b)  -> (artifact id: '3adf38746c4c855102142ce180da4372') in 0.036512 seconds 
========================================================================
Received Import Request.
  Time since last request: 0.000355 seconds.
  path: Assets/Invector-3rdPersonController/Basic Locomotion/3D Models/Textures/prototype_textures/Textures/metal.png
  artifactKey: Guid(58723db35144fa3419de380a72e55c18) Importer(815301076,1909f56bfc062723c751e8b465ee728b)
Start importing Assets/Invector-3rdPersonController/Basic Locomotion/3D Models/Textures/prototype_textures/Textures/metal.png using Guid(58723db35144fa3419de380a72e55c18) Importer(815301076,1909f56bfc062723c751e8b465ee728b)  -> (artifact id: '01d445f8ede4609a3c02278ee240e8ae') in 0.054954 seconds 
========================================================================
Received Import Request.
  Time since last request: 0.864179 seconds.
  path: Assets/Invector-3rdPersonController/Basic Locomotion/3D Models/Characters/Invector@V-Bot 2.0/Textures/Custom/Metallic_body.png
  artifactKey: Guid(4fdcea940fe428e48a47573a35440a15) Importer(815301076,1909f56bfc062723c751e8b465ee728b)
Start importing Assets/Invector-3rdPersonController/Basic Locomotion/3D Models/Characters/Invector@V-Bot 2.0/Textures/Custom/Metallic_body.png using Guid(4fdcea940fe428e48a47573a35440a15) Importer(815301076,1909f56bfc062723c751e8b465ee728b)  -> (artifact id: 'e52f8da5de0d293bdf87f239c9a45f8a') in 0.142918 seconds 
========================================================================
Received Import Request.
  Time since last request: 0.000349 seconds.
  path: Assets/Invector-3rdPersonController/Basic Locomotion/3D Models/Characters/Invector@V-Bot 2.0/Textures/Custom/Metallic_members.png
  artifactKey: Guid(d5f3783820d30304d8ac63693db17fbc) Importer(815301076,1909f56bfc062723c751e8b465ee728b)
Start importing Assets/Invector-3rdPersonController/Basic Locomotion/3D Models/Characters/Invector@V-Bot 2.0/Textures/Custom/Metallic_members.png using Guid(d5f3783820d30304d8ac63693db17fbc) Importer(815301076,1909f56bfc062723c751e8b465ee728b)  -> (artifact id: '4134951c01934a4c68f959a687d38abe') in 0.358324 seconds 
========================================================================
Received Import Request.
  Time since last request: 0.000496 seconds.
  path: Assets/Invector-3rdPersonController/Basic Locomotion/3D Models/vOctagon/Normal-min.png
  artifactKey: Guid(c25ef166a30274f4a9cdc9b17f4541d4) Importer(815301076,1909f56bfc062723c751e8b465ee728b)
Start importing Assets/Invector-3rdPersonController/Basic Locomotion/3D Models/vOctagon/Normal-min.png using Guid(c25ef166a30274f4a9cdc9b17f4541d4) Importer(815301076,1909f56bfc062723c751e8b465ee728b)  -> (artifact id: '19240fbe0508a89d867decb3a182e092') in 0.072552 seconds 
========================================================================
Received Import Request.
  Time since last request: 0.003487 seconds.
  path: Assets/Invector-3rdPersonController/Basic Locomotion/3D Models/Textures/basicTextures/locomotion_statuePlate_OCC.png
  artifactKey: Guid(94a770ce9e5b3e14093766c4198379cd) Importer(815301076,1909f56bfc062723c751e8b465ee728b)
Start importing Assets/Invector-3rdPersonController/Basic Locomotion/3D Models/Textures/basicTextures/locomotion_statuePlate_OCC.png using Guid(94a770ce9e5b3e14093766c4198379cd) Importer(815301076,1909f56bfc062723c751e8b465ee728b)  -> (artifact id: '159b1bb72e355b329c78e17fa19bd47e') in 0.074293 seconds 
========================================================================
Received Import Request.
  Time since last request: 0.000975 seconds.
  path: Assets/Invector-3rdPersonController/Basic Locomotion/Resources/mobileIcon.png
  artifactKey: Guid(a6b51ebd9c9022e469a9fed765f63938) Importer(815301076,1909f56bfc062723c751e8b465ee728b)
Start importing Assets/Invector-3rdPersonController/Basic Locomotion/Resources/mobileIcon.png using Guid(a6b51ebd9c9022e469a9fed765f63938) Importer(815301076,1909f56bfc062723c751e8b465ee728b)  -> (artifact id: 'e7500f305fa63ae8896781cf99997424') in 0.062956 seconds 
========================================================================
Received Import Request.
  Time since last request: 0.000327 seconds.
  path: Assets/Invector-3rdPersonController/Basic Locomotion/3D Models/Textures/basicTextures/locomotion_statuePlate_NRM2.png
  artifactKey: Guid(7383eb6f15010bb4dab02061848e6535) Importer(815301076,1909f56bfc062723c751e8b465ee728b)
Start importing Assets/Invector-3rdPersonController/Basic Locomotion/3D Models/Textures/basicTextures/locomotion_statuePlate_NRM2.png using Guid(7383eb6f15010bb4dab02061848e6535) Importer(815301076,1909f56bfc062723c751e8b465ee728b)  -> (artifact id: '04d700dad3f4c94d0147e8638b458394') in 0.043923 seconds 
========================================================================
Received Import Request.
  Time since last request: 0.097108 seconds.
  path: Assets/Invector-3rdPersonController/Basic Locomotion/Resources/loading.png
  artifactKey: Guid(9e1b5a4c48cc7aa4c9766432d52f1ea1) Importer(815301076,1909f56bfc062723c751e8b465ee728b)
Start importing Assets/Invector-3rdPersonController/Basic Locomotion/Resources/loading.png using Guid(9e1b5a4c48cc7aa4c9766432d52f1ea1) Importer(815301076,1909f56bfc062723c751e8b465ee728b)  -> (artifact id: '8b76107562f277c701101aa8f79b9e1f') in 0.046335 seconds 
========================================================================
Received Import Request.
  Time since last request: 0.000266 seconds.
  path: Assets/Invector-3rdPersonController/Basic Locomotion/3D Models/Textures/basicTextures/locomotion_statuePlate_NRM.png
  artifactKey: Guid(16e905619e061b540abc01633a41f9fd) Importer(815301076,1909f56bfc062723c751e8b465ee728b)
Start importing Assets/Invector-3rdPersonController/Basic Locomotion/3D Models/Textures/basicTextures/locomotion_statuePlate_NRM.png using Guid(16e905619e061b540abc01633a41f9fd) Importer(815301076,1909f56bfc062723c751e8b465ee728b)  -> (artifact id: '7720ac460c9df1a2388a56489b21e309') in 0.054845 seconds 
========================================================================
Received Import Request.
  Time since last request: 0.000304 seconds.
  path: Assets/Invector-3rdPersonController/Basic Locomotion/Resources/LightBox.png
  artifactKey: Guid(494fe6d88cfabef49b7578a4c0be1e39) Importer(815301076,1909f56bfc062723c751e8b465ee728b)
Start importing Assets/Invector-3rdPersonController/Basic Locomotion/Resources/LightBox.png using Guid(494fe6d88cfabef49b7578a4c0be1e39) Importer(815301076,1909f56bfc062723c751e8b465ee728b)  -> (artifact id: '78f43d721e8fac5999bc135422046b50') in 0.053111 seconds 
========================================================================
Received Import Request.
  Time since last request: 0.000423 seconds.
  path: Assets/Invector-3rdPersonController/Basic Locomotion/HUD/keyboardIcons/keyboardControls_v2.png
  artifactKey: Guid(ea0d838cbf6720f4e8559bf42912aa62) Importer(815301076,1909f56bfc062723c751e8b465ee728b)
Start importing Assets/Invector-3rdPersonController/Basic Locomotion/HUD/keyboardIcons/keyboardControls_v2.png using Guid(ea0d838cbf6720f4e8559bf42912aa62) Importer(815301076,1909f56bfc062723c751e8b465ee728b)  -> (artifact id: '7affbe19c35d9642979e15b6746eb316') in 0.060081 seconds 
========================================================================
Received Import Request.
  Time since last request: 0.000278 seconds.
  path: Assets/Invector-3rdPersonController/Basic Locomotion/Resources/Keyboard_Black_U.png
  artifactKey: Guid(7afdc4138a2d3954a85fa1be88e341b5) Importer(815301076,1909f56bfc062723c751e8b465ee728b)
Start importing Assets/Invector-3rdPersonController/Basic Locomotion/Resources/Keyboard_Black_U.png using Guid(7afdc4138a2d3954a85fa1be88e341b5) Importer(815301076,1909f56bfc062723c751e8b465ee728b)  -> (artifact id: '5c2cd944fdabb348f1a8881c7376fbce') in 0.051759 seconds 
========================================================================
Received Import Request.
  Time since last request: 0.000625 seconds.
  path: Assets/Invector-3rdPersonController/Basic Locomotion/Resources/ladderIcon.png
  artifactKey: Guid(0e747fba99f7f5b408f056d26d8d8301) Importer(815301076,1909f56bfc062723c751e8b465ee728b)
Start importing Assets/Invector-3rdPersonController/Basic Locomotion/Resources/ladderIcon.png using Guid(0e747fba99f7f5b408f056d26d8d8301) Importer(815301076,1909f56bfc062723c751e8b465ee728b)  -> (artifact id: '693a5c77bac70573fb780a1e7850c710') in 0.149807 seconds 
========================================================================
Received Import Request.
  Time since last request: 0.000332 seconds.
  path: Assets/Invector-3rdPersonController/Basic Locomotion/Resources/LightBox2.tif
  artifactKey: Guid(12becdcf801d9224382fcdef25db8ff8) Importer(815301076,1909f56bfc062723c751e8b465ee728b)
Start importing Assets/Invector-3rdPersonController/Basic Locomotion/Resources/LightBox2.tif using Guid(12becdcf801d9224382fcdef25db8ff8) Importer(815301076,1909f56bfc062723c751e8b465ee728b)  -> (artifact id: '9393cc19c1cdbc1e6278a2501e583511') in 0.067064 seconds 
========================================================================
Received Import Request.
  Time since last request: 0.000315 seconds.
  path: Assets/Invector-3rdPersonController/Basic Locomotion/Resources/Keyboard_Black_V.png
  artifactKey: Guid(9165c128c0f37d147b31bec0223206b7) Importer(815301076,1909f56bfc062723c751e8b465ee728b)
Start importing Assets/Invector-3rdPersonController/Basic Locomotion/Resources/Keyboard_Black_V.png using Guid(9165c128c0f37d147b31bec0223206b7) Importer(815301076,1909f56bfc062723c751e8b465ee728b)  -> (artifact id: 'dbfcd6f4225ef00da68fa27162516cb5') in 0.067543 seconds 
========================================================================
Received Import Request.
  Time since last request: 0.000599 seconds.
  path: Assets/Invector-3rdPersonController/Basic Locomotion/Resources/Keyboard_Black_B.png
  artifactKey: Guid(fb3a7deebf9b82147846645ea244ddf5) Importer(815301076,1909f56bfc062723c751e8b465ee728b)
Start importing Assets/Invector-3rdPersonController/Basic Locomotion/Resources/Keyboard_Black_B.png using Guid(fb3a7deebf9b82147846645ea244ddf5) Importer(815301076,1909f56bfc062723c751e8b465ee728b)  -> (artifact id: 'f389afacda29c2515e178794c0f49fdc') in 0.126614 seconds 
========================================================================
Received Import Request.
  Time since last request: 0.000311 seconds.
  path: Assets/Invector-3rdPersonController/Basic Locomotion/Resources/keyboardIcon 1.png
  artifactKey: Guid(1f9337c1d2ba9ed48b90d23ca13f4715) Importer(815301076,1909f56bfc062723c751e8b465ee728b)
Start importing Assets/Invector-3rdPersonController/Basic Locomotion/Resources/keyboardIcon 1.png using Guid(1f9337c1d2ba9ed48b90d23ca13f4715) Importer(815301076,1909f56bfc062723c751e8b465ee728b)  -> (artifact id: '03804b3130f5df1f26ac295f76334c4c') in 0.096555 seconds 
========================================================================
Received Import Request.
  Time since last request: 0.000386 seconds.
  path: Assets/Invector-3rdPersonController/Basic Locomotion/HUD/mobile/lineDark46.png
  artifactKey: Guid(1c0fa2802471d574ab97379dd63bbd16) Importer(815301076,1909f56bfc062723c751e8b465ee728b)
Start importing Assets/Invector-3rdPersonController/Basic Locomotion/HUD/mobile/lineDark46.png using Guid(1c0fa2802471d574ab97379dd63bbd16) Importer(815301076,1909f56bfc062723c751e8b465ee728b)  -> (artifact id: '98e0f000f61b2f5f3e61d9af3526d248') in 0.097285 seconds 
========================================================================
Received Import Request.
  Time since last request: 0.000330 seconds.
  path: Assets/Invector-3rdPersonController/Basic Locomotion/HUD/mobile/lineDark06.png
  artifactKey: Guid(b7fadf3c6a3726645b18439c1b32de28) Importer(815301076,1909f56bfc062723c751e8b465ee728b)
Start importing Assets/Invector-3rdPersonController/Basic Locomotion/HUD/mobile/lineDark06.png using Guid(b7fadf3c6a3726645b18439c1b32de28) Importer(815301076,1909f56bfc062723c751e8b465ee728b)  -> (artifact id: '00bfd2d2f06f677294baa06c02eddfb6') in 0.055437 seconds 
========================================================================
Received Import Request.
  Time since last request: 0.000614 seconds.
  path: Assets/Invector-3rdPersonController/Basic Locomotion/Resources/headTrackIcon.png
  artifactKey: Guid(49bcffeacbdb5174fab0e61f9b4779cc) Importer(815301076,1909f56bfc062723c751e8b465ee728b)
Start importing Assets/Invector-3rdPersonController/Basic Locomotion/Resources/headTrackIcon.png using Guid(49bcffeacbdb5174fab0e61f9b4779cc) Importer(815301076,1909f56bfc062723c751e8b465ee728b)  -> (artifact id: '6bd9b5679f7be01846e921c5ea299f8b') in 0.042290 seconds 
========================================================================
Received Import Request.
  Time since last request: 0.000292 seconds.
  path: Assets/Invector-3rdPersonController/Basic Locomotion/3D Models/Textures/DustMoteParticle.png
  artifactKey: Guid(394e93ce356b57344903a08ff72fcab2) Importer(815301076,1909f56bfc062723c751e8b465ee728b)
Start importing Assets/Invector-3rdPersonController/Basic Locomotion/3D Models/Textures/DustMoteParticle.png using Guid(394e93ce356b57344903a08ff72fcab2) Importer(815301076,1909f56bfc062723c751e8b465ee728b)  -> (artifact id: 'b25e089dc96d1c798eb1acbf3c4a44bb') in 0.050867 seconds 
========================================================================
Received Import Request.
  Time since last request: 0.000551 seconds.
  path: Assets/Invector-3rdPersonController/Basic Locomotion/Resources/builderAddon.png
  artifactKey: Guid(e292a6d3c6f4e7640849f34d8ba9dd4c) Importer(815301076,1909f56bfc062723c751e8b465ee728b)
Start importing Assets/Invector-3rdPersonController/Basic Locomotion/Resources/builderAddon.png using Guid(e292a6d3c6f4e7640849f34d8ba9dd4c) Importer(815301076,1909f56bfc062723c751e8b465ee728b)  -> (artifact id: 'bcf619cdb07d113f24cf21c95e6acae1') in 0.061203 seconds 
========================================================================
Received Import Request.
  Time since last request: 0.000405 seconds.
  path: Assets/Invector-3rdPersonController/Basic Locomotion/3D Models/Characters/Invector@V-Bot 2.0/Textures/Custom/Albedo_members.png
  artifactKey: Guid(03fa212867eeda149bd1ad9a7c9e57ef) Importer(815301076,1909f56bfc062723c751e8b465ee728b)
Start importing Assets/Invector-3rdPersonController/Basic Locomotion/3D Models/Characters/Invector@V-Bot 2.0/Textures/Custom/Albedo_members.png using Guid(03fa212867eeda149bd1ad9a7c9e57ef) Importer(815301076,1909f56bfc062723c751e8b465ee728b)  -> (artifact id: '540e78e145ae31376a0cfb91ac85704d') in 0.126609 seconds 
========================================================================
Received Import Request.
  Time since last request: 0.000277 seconds.
  path: Assets/Invector-3rdPersonController/Basic Locomotion/Resources/ammoIcon.png
  artifactKey: Guid(8885e5bb145592344b16964a16a1a14f) Importer(815301076,1909f56bfc062723c751e8b465ee728b)
Start importing Assets/Invector-3rdPersonController/Basic Locomotion/Resources/ammoIcon.png using Guid(8885e5bb145592344b16964a16a1a14f) Importer(815301076,1909f56bfc062723c751e8b465ee728b)  -> (artifact id: 'dd301b9ed2989acf66e1166706c57304') in 0.060986 seconds 
========================================================================
Received Import Request.
  Time since last request: 0.000363 seconds.
  path: Assets/Invector-3rdPersonController/Basic Locomotion/3D Models/Textures/prototype_textures/Textures/gravel.png
  artifactKey: Guid(ee23d02f526f791419bcba319ec8ff1e) Importer(815301076,1909f56bfc062723c751e8b465ee728b)
Start importing Assets/Invector-3rdPersonController/Basic Locomotion/3D Models/Textures/prototype_textures/Textures/gravel.png using Guid(ee23d02f526f791419bcba319ec8ff1e) Importer(815301076,1909f56bfc062723c751e8b465ee728b)  -> (artifact id: 'ee4f9a3321664a97797e3dbefd1d7978') in 0.046259 seconds 
========================================================================
Received Import Request.
  Time since last request: 0.000254 seconds.
  path: Assets/Invector-3rdPersonController/Basic Locomotion/Resources/button_skin.png
  artifactKey: Guid(402805c5625269b49beb34649a86a4d1) Importer(815301076,1909f56bfc062723c751e8b465ee728b)
Start importing Assets/Invector-3rdPersonController/Basic Locomotion/Resources/button_skin.png using Guid(402805c5625269b49beb34649a86a4d1) Importer(815301076,1909f56bfc062723c751e8b465ee728b)  -> (artifact id: '47aad77f6932f6e5b8e51ab5f0d87923') in 0.043917 seconds 
========================================================================
Received Import Request.
  Time since last request: 0.000257 seconds.
  path: Assets/Invector-3rdPersonController/Basic Locomotion/HUD/keyboardIcons/ActionButton@Keyboard.png
  artifactKey: Guid(9dc1b1e35a44b5a4da340dd179166361) Importer(815301076,1909f56bfc062723c751e8b465ee728b)
Start importing Assets/Invector-3rdPersonController/Basic Locomotion/HUD/keyboardIcons/ActionButton@Keyboard.png using Guid(9dc1b1e35a44b5a4da340dd179166361) Importer(815301076,1909f56bfc062723c751e8b465ee728b)  -> (artifact id: '6ff51bd6e2acb10093e07e9c0ca00cec') in 0.051603 seconds 
========================================================================
Received Import Request.
  Time since last request: 0.000280 seconds.
  path: Assets/Invector-3rdPersonController/Basic Locomotion/3D Models/Textures/SurfacesTextures/bulletDecals 1.png
  artifactKey: Guid(959c1cbafdf30694e8bab91d433cf5b4) Importer(815301076,1909f56bfc062723c751e8b465ee728b)
Start importing Assets/Invector-3rdPersonController/Basic Locomotion/3D Models/Textures/SurfacesTextures/bulletDecals 1.png using Guid(959c1cbafdf30694e8bab91d433cf5b4) Importer(815301076,1909f56bfc062723c751e8b465ee728b)  -> (artifact id: '7f9da8a35636886f6a1ba34c077d512b') in 0.067210 seconds 
========================================================================
Received Import Request.
  Time since last request: 0.000427 seconds.
  path: Assets/Invector-3rdPersonController/Basic Locomotion/3D Models/Textures/SurfacesTextures/Brick/brick_NRM.png
  artifactKey: Guid(72858fd456460d240b2c11c2a4176f0a) Importer(815301076,1909f56bfc062723c751e8b465ee728b)
Start importing Assets/Invector-3rdPersonController/Basic Locomotion/3D Models/Textures/SurfacesTextures/Brick/brick_NRM.png using Guid(72858fd456460d240b2c11c2a4176f0a) Importer(815301076,1909f56bfc062723c751e8b465ee728b)  -> (artifact id: '37ffe0e3719b442131227df418d0b801') in 0.048689 seconds 
========================================================================
Received Import Request.
  Time since last request: 0.000294 seconds.
  path: Assets/Invector-3rdPersonController/Basic Locomotion/3D Models/vOctagon/Albedo-min.png
  artifactKey: Guid(249a192f22568994ebad5cacab129d7a) Importer(815301076,1909f56bfc062723c751e8b465ee728b)
Start importing Assets/Invector-3rdPersonController/Basic Locomotion/3D Models/vOctagon/Albedo-min.png using Guid(249a192f22568994ebad5cacab129d7a) Importer(815301076,1909f56bfc062723c751e8b465ee728b)  -> (artifact id: '8ca3b27fc260e67bef21f9469d00dcc0') in 0.045042 seconds 
========================================================================
Received Import Request.
  Time since last request: 0.000317 seconds.
  path: Assets/Invector-3rdPersonController/Basic Locomotion/3D Models/Textures/prototype_textures/Textures/grass.png
  artifactKey: Guid(ec68c6550c3dbf6418336e2c9af563fd) Importer(815301076,1909f56bfc062723c751e8b465ee728b)
Start importing Assets/Invector-3rdPersonController/Basic Locomotion/3D Models/Textures/prototype_textures/Textures/grass.png using Guid(ec68c6550c3dbf6418336e2c9af563fd) Importer(815301076,1909f56bfc062723c751e8b465ee728b)  -> (artifact id: '053693e0409db51bc05c1715686cd65e') in 0.055606 seconds 
========================================================================
Received Import Request.
  Time since last request: 0.007726 seconds.
  path: Assets/Invector-3rdPersonController/Basic Locomotion/HUD/guide-texts/60.png
  artifactKey: Guid(c35bc16648d8c174cbdf3d1f27543c05) Importer(815301076,1909f56bfc062723c751e8b465ee728b)
Start importing Assets/Invector-3rdPersonController/Basic Locomotion/HUD/guide-texts/60.png using Guid(c35bc16648d8c174cbdf3d1f27543c05) Importer(815301076,1909f56bfc062723c751e8b465ee728b)  -> (artifact id: '5109dff1680611cf6abf42f87917c8b2') in 0.160075 seconds 
========================================================================
Received Import Request.
  Time since last request: 0.000403 seconds.
  path: Assets/Invector-3rdPersonController/Basic Locomotion/Resources/HealthControllerIcon2.png
  artifactKey: Guid(2cc6ac6f05e20af43b300aa18c07e157) Importer(815301076,1909f56bfc062723c751e8b465ee728b)
Start importing Assets/Invector-3rdPersonController/Basic Locomotion/Resources/HealthControllerIcon2.png using Guid(2cc6ac6f05e20af43b300aa18c07e157) Importer(815301076,1909f56bfc062723c751e8b465ee728b)  -> (artifact id: 'da57f43f3b37a05b31c27e5baf31ee67') in 0.093292 seconds 
========================================================================
Received Import Request.
  Time since last request: 0.000527 seconds.
  path: Assets/Invector-3rdPersonController/Basic Locomotion/HUD/guide-texts/45.png
  artifactKey: Guid(683daa4b3f8bc76448cbd697bd2a0a21) Importer(815301076,1909f56bfc062723c751e8b465ee728b)
Start importing Assets/Invector-3rdPersonController/Basic Locomotion/HUD/guide-texts/45.png using Guid(683daa4b3f8bc76448cbd697bd2a0a21) Importer(815301076,1909f56bfc062723c751e8b465ee728b)  -> (artifact id: 'f4fa456eeca5d05cc80369385d209dc0') in 0.101229 seconds 
========================================================================
Received Import Request.
  Time since last request: 0.000497 seconds.
  path: Assets/Invector-3rdPersonController/Basic Locomotion/3D Models/Textures/prototype_textures/Textures/gras.png
  artifactKey: Guid(aa0e3b0078b1f974abf388813d4174a5) Importer(815301076,1909f56bfc062723c751e8b465ee728b)
Start importing Assets/Invector-3rdPersonController/Basic Locomotion/3D Models/Textures/prototype_textures/Textures/gras.png using Guid(aa0e3b0078b1f974abf388813d4174a5) Importer(815301076,1909f56bfc062723c751e8b465ee728b)  -> (artifact id: '08672626a1ae84a0c565fc00a3cb9bfb') in 0.090919 seconds 
========================================================================
Received Import Request.
  Time since last request: 0.000310 seconds.
  path: Assets/Invector-3rdPersonController/Basic Locomotion/Resources/HealthControllerIcon.png
  artifactKey: Guid(f43500859ecb28a4ba38691550e11981) Importer(815301076,1909f56bfc062723c751e8b465ee728b)
Start importing Assets/Invector-3rdPersonController/Basic Locomotion/Resources/HealthControllerIcon.png using Guid(f43500859ecb28a4ba38691550e11981) Importer(815301076,1909f56bfc062723c751e8b465ee728b)  -> (artifact id: 'e0f3795fbf9aff4f23b704336a1a256e') in 0.046013 seconds 
========================================================================
Received Import Request.
  Time since last request: 0.000398 seconds.
  path: Assets/Invector-3rdPersonController/Basic Locomotion/3D Models/Textures/SurfacesTextures/Glass/glass.png
  artifactKey: Guid(35412dc14d0cd7548bbc1b649512c994) Importer(815301076,1909f56bfc062723c751e8b465ee728b)
Start importing Assets/Invector-3rdPersonController/Basic Locomotion/3D Models/Textures/SurfacesTextures/Glass/glass.png using Guid(35412dc14d0cd7548bbc1b649512c994) Importer(815301076,1909f56bfc062723c751e8b465ee728b)  -> (artifact id: '3b969b79aed97fef7e3644872a28744b') in 0.078787 seconds 
========================================================================
Received Import Request.
  Time since last request: 0.000300 seconds.
  path: Assets/Invector-3rdPersonController/Basic Locomotion/HUD/_fonts/consola.ttf
  artifactKey: Guid(1c7a637ebb71f034c97397ef794d1f18) Importer(815301076,1909f56bfc062723c751e8b465ee728b)
Start importing Assets/Invector-3rdPersonController/Basic Locomotion/HUD/_fonts/consola.ttf using Guid(1c7a637ebb71f034c97397ef794d1f18) Importer(815301076,1909f56bfc062723c751e8b465ee728b)  -> (artifact id: 'f3a26811e9c3e870a863f23963dc589e') in 0.417550 seconds 
========================================================================
Received Import Request.
  Time since last request: 0.000492 seconds.
  path: Assets/Invector-3rdPersonController/Basic Locomotion/HUD/other/enemyHealth.png
  artifactKey: Guid(2543085bfa25fdf4e83209d086ee24be) Importer(815301076,1909f56bfc062723c751e8b465ee728b)
Start importing Assets/Invector-3rdPersonController/Basic Locomotion/HUD/other/enemyHealth.png using Guid(2543085bfa25fdf4e83209d086ee24be) Importer(815301076,1909f56bfc062723c751e8b465ee728b)  -> (artifact id: '6f45e52a324b7e8e374c1144b7615965') in 0.072865 seconds 
========================================================================
Received Import Request.
  Time since last request: 0.000792 seconds.
  path: Assets/Invector-3rdPersonController/Basic Locomotion/Resources/footStepIcon.png
  artifactKey: Guid(14e286f03a6e23c408d1f395394bb361) Importer(815301076,1909f56bfc062723c751e8b465ee728b)
Start importing Assets/Invector-3rdPersonController/Basic Locomotion/Resources/footStepIcon.png using Guid(14e286f03a6e23c408d1f395394bb361) Importer(815301076,1909f56bfc062723c751e8b465ee728b)  -> (artifact id: '22cac7f53e94d599c56308d9f49b4db4') in 0.102902 seconds 
========================================================================
Received Import Request.
  Time since last request: 0.000374 seconds.
  path: Assets/Invector-3rdPersonController/Basic Locomotion/3D Models/Textures/SurfacesTextures/Brick/brick_DISP.png
  artifactKey: Guid(d86d2ef8eea92e44e89b05a811e16b4b) Importer(815301076,1909f56bfc062723c751e8b465ee728b)
Start importing Assets/Invector-3rdPersonController/Basic Locomotion/3D Models/Textures/SurfacesTextures/Brick/brick_DISP.png using Guid(d86d2ef8eea92e44e89b05a811e16b4b) Importer(815301076,1909f56bfc062723c751e8b465ee728b)  -> (artifact id: 'c4334812944d381104202fb56ef49a8e') in 0.047949 seconds 
========================================================================
Received Import Request.
  Time since last request: 0.000488 seconds.
  path: Assets/Invector-3rdPersonController/Basic Locomotion/Resources/gizmosIcon.png
  artifactKey: Guid(f9a1b0c879d687b43a57f6087deb9a1f) Importer(815301076,1909f56bfc062723c751e8b465ee728b)
Start importing Assets/Invector-3rdPersonController/Basic Locomotion/Resources/gizmosIcon.png using Guid(f9a1b0c879d687b43a57f6087deb9a1f) Importer(815301076,1909f56bfc062723c751e8b465ee728b)  -> (artifact id: 'ce27bab7c7f89a49837b701059680917') in 0.047367 seconds 
========================================================================
Received Import Request.
  Time since last request: 0.000354 seconds.
  path: Assets/Invector-3rdPersonController/Basic Locomotion/Resources/Arrow_up.png
  artifactKey: Guid(70af1da0e0d43db40b07cfa769db3dc0) Importer(815301076,1909f56bfc062723c751e8b465ee728b)
Start importing Assets/Invector-3rdPersonController/Basic Locomotion/Resources/Arrow_up.png using Guid(70af1da0e0d43db40b07cfa769db3dc0) Importer(815301076,1909f56bfc062723c751e8b465ee728b)  -> (artifact id: 'd111fd8cb5700e12fb4a8d12498a7cf8') in 0.045843 seconds 
========================================================================
Received Import Request.
  Time since last request: 0.000326 seconds.
  path: Assets/Invector-3rdPersonController/Basic Locomotion/HUD/guide-texts/50.png
  artifactKey: Guid(d695f3421a335f44fba35c6b0348c93b) Importer(815301076,1909f56bfc062723c751e8b465ee728b)
Start importing Assets/Invector-3rdPersonController/Basic Locomotion/HUD/guide-texts/50.png using Guid(d695f3421a335f44fba35c6b0348c93b) Importer(815301076,1909f56bfc062723c751e8b465ee728b)  -> (artifact id: '665db7da258dfc4218c8462170bfa1fd') in 0.040255 seconds 
========================================================================
Received Import Request.
  Time since last request: 0.000429 seconds.
  path: Assets/Invector-3rdPersonController/Basic Locomotion/3D Models/Textures/SurfacesTextures/Brick/brick_COLOR.png
  artifactKey: Guid(2b294a604b7ff1e4d9fb9ba0a39086ee) Importer(815301076,1909f56bfc062723c751e8b465ee728b)
Start importing Assets/Invector-3rdPersonController/Basic Locomotion/3D Models/Textures/SurfacesTextures/Brick/brick_COLOR.png using Guid(2b294a604b7ff1e4d9fb9ba0a39086ee) Importer(815301076,1909f56bfc062723c751e8b465ee728b)  -> (artifact id: 'd291e0358f0963f37548e6d1908355a2') in 0.035935 seconds 
========================================================================
Received Import Request.
  Time since last request: 0.000300 seconds.
  path: Assets/Invector-3rdPersonController/Basic Locomotion/Resources/hightlightBox.png
  artifactKey: Guid(5dfcf9622f12816418d439efe678683a) Importer(815301076,1909f56bfc062723c751e8b465ee728b)
Start importing Assets/Invector-3rdPersonController/Basic Locomotion/Resources/hightlightBox.png using Guid(5dfcf9622f12816418d439efe678683a) Importer(815301076,1909f56bfc062723c751e8b465ee728b)  -> (artifact id: '87056afbdcd1ee0061feafca11985747') in 0.039243 seconds 
========================================================================
Received Import Request.
  Time since last request: 0.000296 seconds.
  path: Assets/Invector-3rdPersonController/Basic Locomotion/3D Models/Textures/SurfacesTextures/bulletDecals.png
  artifactKey: Guid(08b350e61df81f24d97072896d29546e) Importer(815301076,1909f56bfc062723c751e8b465ee728b)
Start importing Assets/Invector-3rdPersonController/Basic Locomotion/3D Models/Textures/SurfacesTextures/bulletDecals.png using Guid(08b350e61df81f24d97072896d29546e) Importer(815301076,1909f56bfc062723c751e8b465ee728b)  -> (artifact id: 'ccf9380ec03d54457f3f1dfd6f3c198e') in 0.165214 seconds 
========================================================================
Received Import Request.
  Time since last request: 0.000285 seconds.
  path: Assets/Invector-3rdPersonController/Basic Locomotion/Resources/Arrow_down.png
  artifactKey: Guid(38902a3d1c31f224c84c952275933a3b) Importer(815301076,1909f56bfc062723c751e8b465ee728b)
Start importing Assets/Invector-3rdPersonController/Basic Locomotion/Resources/Arrow_down.png using Guid(38902a3d1c31f224c84c952275933a3b) Importer(815301076,1909f56bfc062723c751e8b465ee728b)  -> (artifact id: '9b6f6583fef7211bd8cbac185882d350') in 0.038873 seconds 
========================================================================
Received Import Request.
  Time since last request: 0.000311 seconds.
  path: Assets/Invector-3rdPersonController/Basic Locomotion/3D Models/Textures/SurfacesTextures/bulletDecals 2.png
  artifactKey: Guid(bfa8483abfa97d24bad56a350c087a40) Importer(815301076,1909f56bfc062723c751e8b465ee728b)
Start importing Assets/Invector-3rdPersonController/Basic Locomotion/3D Models/Textures/SurfacesTextures/bulletDecals 2.png using Guid(bfa8483abfa97d24bad56a350c087a40) Importer(815301076,1909f56bfc062723c751e8b465ee728b)  -> (artifact id: 'da8c503db38cefb038385b0d72accd8f') in 0.050639 seconds 
========================================================================
Received Import Request.
  Time since last request: 0.000309 seconds.
  path: Assets/Invector-3rdPersonController/Basic Locomotion/Resources/arrow.png
  artifactKey: Guid(0e87adf7dc073204ca818b06d3d6fe56) Importer(815301076,1909f56bfc062723c751e8b465ee728b)
Start importing Assets/Invector-3rdPersonController/Basic Locomotion/Resources/arrow.png using Guid(0e87adf7dc073204ca818b06d3d6fe56) Importer(815301076,1909f56bfc062723c751e8b465ee728b)  -> (artifact id: 'f415192a74bf3a0d90e741165dcdd890') in 0.046837 seconds 
========================================================================
Received Import Request.
  Time since last request: 0.000337 seconds.
  path: Assets/Invector-3rdPersonController/Basic Locomotion/Resources/icon_v2.png
  artifactKey: Guid(0536d8ada72a6ac4695386ea4bcd1ebe) Importer(815301076,1909f56bfc062723c751e8b465ee728b)
Start importing Assets/Invector-3rdPersonController/Basic Locomotion/Resources/icon_v2.png using Guid(0536d8ada72a6ac4695386ea4bcd1ebe) Importer(815301076,1909f56bfc062723c751e8b465ee728b)  -> (artifact id: 'd2b5f456c8d53a67d3025d3c901214e1') in 0.049550 seconds 
========================================================================
Received Import Request.
  Time since last request: 0.000321 seconds.
  path: Assets/Invector-3rdPersonController/Basic Locomotion/3D Models/Textures/SurfacesTextures/Brick/brick_OCC.png
  artifactKey: Guid(83778ecdd9cd22e40b083ea741b0dc7f) Importer(815301076,1909f56bfc062723c751e8b465ee728b)
Start importing Assets/Invector-3rdPersonController/Basic Locomotion/3D Models/Textures/SurfacesTextures/Brick/brick_OCC.png using Guid(83778ecdd9cd22e40b083ea741b0dc7f) Importer(815301076,1909f56bfc062723c751e8b465ee728b)  -> (artifact id: 'b9ae8e91f211d205eda87f05c8812a26') in 0.046594 seconds 
========================================================================
Received Import Request.
  Time since last request: 0.000332 seconds.
  path: Assets/Invector-3rdPersonController/Basic Locomotion/HUD/gamePadIcons/A.png
  artifactKey: Guid(cfea15071ee3a4543ba205f132c5da33) Importer(815301076,1909f56bfc062723c751e8b465ee728b)
Start importing Assets/Invector-3rdPersonController/Basic Locomotion/HUD/gamePadIcons/A.png using Guid(cfea15071ee3a4543ba205f132c5da33) Importer(815301076,1909f56bfc062723c751e8b465ee728b)  -> (artifact id: 'af210065daf221a7b04254bc3d420d5e') in 0.039441 seconds 
========================================================================
Received Import Request.
  Time since last request: 0.000409 seconds.
  path: Assets/Invector-3rdPersonController/Basic Locomotion/3D Models/Characters/Invector@V-Bot 2.0/Textures/Custom/Albedo_body.png
  artifactKey: Guid(ca03125eedefcea41ae3d8ec84727974) Importer(815301076,1909f56bfc062723c751e8b465ee728b)
Start importing Assets/Invector-3rdPersonController/Basic Locomotion/3D Models/Characters/Invector@V-Bot 2.0/Textures/Custom/Albedo_body.png using Guid(ca03125eedefcea41ae3d8ec84727974) Importer(815301076,1909f56bfc062723c751e8b465ee728b)  -> (artifact id: '20914e0ec91eb55b5d19105c56afb152') in 0.117092 seconds 
========================================================================
Received Import Request.
  Time since last request: 0.000316 seconds.
  path: Assets/Invector-3rdPersonController/Basic Locomotion/3D Models/Textures/prototype_textures/Textures/gravel_NRM.png
  artifactKey: Guid(85be896c8957cb3489907cb4aaa3d5df) Importer(815301076,1909f56bfc062723c751e8b465ee728b)
Start importing Assets/Invector-3rdPersonController/Basic Locomotion/3D Models/Textures/prototype_textures/Textures/gravel_NRM.png using Guid(85be896c8957cb3489907cb4aaa3d5df) Importer(815301076,1909f56bfc062723c751e8b465ee728b)  -> (artifact id: '348f9da6856b2b3129d613763174c563') in 0.044988 seconds 
========================================================================
Received Import Request.
  Time since last request: 110.870025 seconds.
  path: Assets/Invector-3rdPersonController/Basic Locomotion/Resources/inputIcon.png
  artifactKey: Guid(9b8e9c469c57ed54f89c575cdf98a1ed) Importer(815301076,1909f56bfc062723c751e8b465ee728b)
Start importing Assets/Invector-3rdPersonController/Basic Locomotion/Resources/inputIcon.png using Guid(9b8e9c469c57ed54f89c575cdf98a1ed) Importer(815301076,1909f56bfc062723c751e8b465ee728b)  -> (artifact id: 'c82a6a8dc682ced6bc3ddb676b983e64') in 0.063802 seconds 
========================================================================
Received Import Request.
  Time since last request: 0.000390 seconds.
  path: Assets/Invector-3rdPersonController/Basic Locomotion/3D Models/Others/SimpleDoor/Materials/Door_Difuse.tif
  artifactKey: Guid(9b40e7c134d7baa4ca3331ffe731dbd0) Importer(815301076,1909f56bfc062723c751e8b465ee728b)
Start importing Assets/Invector-3rdPersonController/Basic Locomotion/3D Models/Others/SimpleDoor/Materials/Door_Difuse.tif using Guid(9b40e7c134d7baa4ca3331ffe731dbd0) Importer(815301076,1909f56bfc062723c751e8b465ee728b)  -> (artifact id: '06a30d4dffae93e41b531a5d2f60134c') in 0.049119 seconds 
========================================================================
Received Import Request.
  Time since last request: 0.000409 seconds.
  path: Assets/Invector-3rdPersonController/Basic Locomotion/Resources/banner.png
  artifactKey: Guid(6645ecd309a2a99439549c5cc7b2e480) Importer(815301076,1909f56bfc062723c751e8b465ee728b)
Start importing Assets/Invector-3rdPersonController/Basic Locomotion/Resources/banner.png using Guid(6645ecd309a2a99439549c5cc7b2e480) Importer(815301076,1909f56bfc062723c751e8b465ee728b)  -> (artifact id: '8791377a2c9f42d51e0c209192224ac3') in 0.049671 seconds 
========================================================================
Received Import Request.
  Time since last request: 0.000383 seconds.
  path: Assets/Invector-3rdPersonController/Basic Locomotion/Resources/basicLogo.png
  artifactKey: Guid(f75e2b1809ad796469251378de80ccb1) Importer(815301076,1909f56bfc062723c751e8b465ee728b)
Start importing Assets/Invector-3rdPersonController/Basic Locomotion/Resources/basicLogo.png using Guid(f75e2b1809ad796469251378de80ccb1) Importer(815301076,1909f56bfc062723c751e8b465ee728b)  -> (artifact id: '1c2be814586da9505cb1696cd5ab966a') in 0.048554 seconds 
========================================================================
Received Import Request.
  Time since last request: 0.000276 seconds.
  path: Assets/Invector-3rdPersonController/Basic Locomotion/Resources/invectorBanner.png
  artifactKey: Guid(d3c4d19b2099c9943a8f4546fb418f26) Importer(815301076,1909f56bfc062723c751e8b465ee728b)
Start importing Assets/Invector-3rdPersonController/Basic Locomotion/Resources/invectorBanner.png using Guid(d3c4d19b2099c9943a8f4546fb418f26) Importer(815301076,1909f56bfc062723c751e8b465ee728b)  -> (artifact id: '80107d40a68ac409199c1da8b2d72de8') in 0.046183 seconds 
========================================================================
Received Import Request.
  Time since last request: 0.001039 seconds.
  path: Assets/Invector-3rdPersonController/Basic Locomotion/Resources/DamageIcon.png
  artifactKey: Guid(ddb231293f1273d4784a11a4b03b1604) Importer(815301076,1909f56bfc062723c751e8b465ee728b)
Start importing Assets/Invector-3rdPersonController/Basic Locomotion/Resources/DamageIcon.png using Guid(ddb231293f1273d4784a11a4b03b1604) Importer(815301076,1909f56bfc062723c751e8b465ee728b)  -> (artifact id: 'cd8c19384d93f2de29083826d5c36a76') in 0.039530 seconds 
========================================================================
Received Import Request.
  Time since last request: 0.000239 seconds.
  path: Assets/Invector-3rdPersonController/Basic Locomotion/Resources/duplicate.png
  artifactKey: Guid(848a4494c89203f4e9d2a71ab200d668) Importer(815301076,1909f56bfc062723c751e8b465ee728b)
Start importing Assets/Invector-3rdPersonController/Basic Locomotion/Resources/duplicate.png using Guid(848a4494c89203f4e9d2a71ab200d668) Importer(815301076,1909f56bfc062723c751e8b465ee728b)  -> (artifact id: 'ce1eaebcccd564951a40a80c37024db9') in 0.040450 seconds 
========================================================================
Received Import Request.
  Time since last request: 0.000269 seconds.
  path: Assets/Invector-3rdPersonController/Basic Locomotion/3D Models/Others/SimpleDoor/Materials/Door_DetailMask.png
  artifactKey: Guid(1a66ccdb6ca441e44813255621cb96fc) Importer(815301076,1909f56bfc062723c751e8b465ee728b)
Start importing Assets/Invector-3rdPersonController/Basic Locomotion/3D Models/Others/SimpleDoor/Materials/Door_DetailMask.png using Guid(1a66ccdb6ca441e44813255621cb96fc) Importer(815301076,1909f56bfc062723c751e8b465ee728b)  -> (artifact id: 'fc239a38bf1327a4fdf274fd5c3116c5') in 0.050028 seconds 
========================================================================
Received Import Request.
  Time since last request: 0.000443 seconds.
  path: Assets/Invector-3rdPersonController/Basic Locomotion/3D Models/Textures/basicTextures/blockIcon.png
  artifactKey: Guid(498ddc6b2c84e9147b87bfbcc05aecdd) Importer(815301076,1909f56bfc062723c751e8b465ee728b)
Start importing Assets/Invector-3rdPersonController/Basic Locomotion/3D Models/Textures/basicTextures/blockIcon.png using Guid(498ddc6b2c84e9147b87bfbcc05aecdd) Importer(815301076,1909f56bfc062723c751e8b465ee728b)  -> (artifact id: '34d6c9ea6ecab38a209f707e37d0d0d4') in 0.046687 seconds 
========================================================================
Received Import Request.
  Time since last request: 0.000291 seconds.
  path: Assets/Invector-3rdPersonController/Basic Locomotion/3D Models/Textures/prototype_textures/Textures/deadgrass_NRM.png
  artifactKey: Guid(958e6b9b36f25354db99deafd3eaaaa6) Importer(815301076,1909f56bfc062723c751e8b465ee728b)
Start importing Assets/Invector-3rdPersonController/Basic Locomotion/3D Models/Textures/prototype_textures/Textures/deadgrass_NRM.png using Guid(958e6b9b36f25354db99deafd3eaaaa6) Importer(815301076,1909f56bfc062723c751e8b465ee728b)  -> (artifact id: '344389f2f12e92dd921186eb4b54f8c8') in 0.047489 seconds 
========================================================================
Received Import Request.
  Time since last request: 0.000342 seconds.
  path: Assets/Invector-3rdPersonController/Basic Locomotion/3D Models/Textures/prototype_textures/Textures/deadgrass.png
  artifactKey: Guid(588c0f7d30e3e084c96a16f87d3c1ef4) Importer(815301076,1909f56bfc062723c751e8b465ee728b)
Start importing Assets/Invector-3rdPersonController/Basic Locomotion/3D Models/Textures/prototype_textures/Textures/deadgrass.png using Guid(588c0f7d30e3e084c96a16f87d3c1ef4) Importer(815301076,1909f56bfc062723c751e8b465ee728b)  -> (artifact id: '43bc1fd6550dd2fb945831b57bc54176') in 0.037153 seconds 
========================================================================
Received Import Request.
  Time since last request: 0.000261 seconds.
  path: Assets/Invector-3rdPersonController/Basic Locomotion/3D Models/Textures/prototype_textures/Textures/download.png
  artifactKey: Guid(d1863870c30433a4ba76e25cae037eec) Importer(815301076,1909f56bfc062723c751e8b465ee728b)
Start importing Assets/Invector-3rdPersonController/Basic Locomotion/3D Models/Textures/prototype_textures/Textures/download.png using Guid(d1863870c30433a4ba76e25cae037eec) Importer(815301076,1909f56bfc062723c751e8b465ee728b)  -> (artifact id: 'daba1e57a4289aeb73254fbccc3b32e3') in 0.036396 seconds 
========================================================================
Received Import Request.
  Time since last request: 0.000262 seconds.
  path: Assets/Invector-3rdPersonController/Basic Locomotion/Resources/BarBg.png
  artifactKey: Guid(0085f005184a4064690308838d1f3c3a) Importer(815301076,1909f56bfc062723c751e8b465ee728b)
Start importing Assets/Invector-3rdPersonController/Basic Locomotion/Resources/BarBg.png using Guid(0085f005184a4064690308838d1f3c3a) Importer(815301076,1909f56bfc062723c751e8b465ee728b)  -> (artifact id: 'b83335be809da1a637cb6ecab0d580cc') in 0.040373 seconds 
========================================================================
Received Import Request.
  Time since last request: 0.000259 seconds.
  path: Assets/Invector-3rdPersonController/Basic Locomotion/Resources/arrowDownIcon.png
  artifactKey: Guid(dc1ddc3a350682b47b97a43d6f349b0d) Importer(815301076,1909f56bfc062723c751e8b465ee728b)
Start importing Assets/Invector-3rdPersonController/Basic Locomotion/Resources/arrowDownIcon.png using Guid(dc1ddc3a350682b47b97a43d6f349b0d) Importer(815301076,1909f56bfc062723c751e8b465ee728b)  -> (artifact id: 'c59839fe870f698933416b51659a1099') in 0.048647 seconds 
========================================================================
Received Import Request.
  Time since last request: 0.000262 seconds.
  path: Assets/Invector-3rdPersonController/Basic Locomotion/Resources/banner 1.png
  artifactKey: Guid(f23960c57772d294cb804a41dc1b0a22) Importer(815301076,1909f56bfc062723c751e8b465ee728b)
Start importing Assets/Invector-3rdPersonController/Basic Locomotion/Resources/banner 1.png using Guid(f23960c57772d294cb804a41dc1b0a22) Importer(815301076,1909f56bfc062723c751e8b465ee728b)  -> (artifact id: '9af0371e3e6b6dcdaea5cb8e2ae15480') in 0.030016 seconds 
========================================================================
Received Import Request.
  Time since last request: 0.000350 seconds.
  path: Assets/Invector-3rdPersonController/Basic Locomotion/3D Models/Others/SimpleDoor/Materials/Door_Bump.tif
  artifactKey: Guid(19c35821f91b5724f8f9b8e8f85a22a8) Importer(815301076,1909f56bfc062723c751e8b465ee728b)
Start importing Assets/Invector-3rdPersonController/Basic Locomotion/3D Models/Others/SimpleDoor/Materials/Door_Bump.tif using Guid(19c35821f91b5724f8f9b8e8f85a22a8) Importer(815301076,1909f56bfc062723c751e8b465ee728b)  -> (artifact id: '223c954538dbc149ae3068e2051dcb8b') in 0.038098 seconds 
========================================================================
Received Import Request.
  Time since last request: 0.000254 seconds.
  path: Assets/Invector-3rdPersonController/Basic Locomotion/Resources/bgButtonFade.png
  artifactKey: Guid(4ddfbc94bd928e04098f9d9dd4c4a19d) Importer(815301076,1909f56bfc062723c751e8b465ee728b)
Start importing Assets/Invector-3rdPersonController/Basic Locomotion/Resources/bgButtonFade.png using Guid(4ddfbc94bd928e04098f9d9dd4c4a19d) Importer(815301076,1909f56bfc062723c751e8b465ee728b)  -> (artifact id: 'ab00e1eaa5b79c4693cbdcae1c2f973c') in 0.044563 seconds 
========================================================================
Received Import Request.
  Time since last request: 0.000307 seconds.
  path: Assets/Invector-3rdPersonController/Basic Locomotion/3D Models/Particles/DamageEffect/textures/blood_PNG6107.png
  artifactKey: Guid(715f0350f78c22148a8840b3f3238461) Importer(815301076,1909f56bfc062723c751e8b465ee728b)
Start importing Assets/Invector-3rdPersonController/Basic Locomotion/3D Models/Particles/DamageEffect/textures/blood_PNG6107.png using Guid(715f0350f78c22148a8840b3f3238461) Importer(815301076,1909f56bfc062723c751e8b465ee728b)  -> (artifact id: 'a154026d7c0531d6243e0f351ddb8976') in 0.044962 seconds 
========================================================================
Received Import Request.
  Time since last request: 205.022909 seconds.
  path: Assets/UniversalRenderPipelineAsset.asset
  artifactKey: Guid(e226aa0beae27f549ad888156fc86c17) Importer(815301076,1909f56bfc062723c751e8b465ee728b)
Start importing Assets/UniversalRenderPipelineAsset.asset using Guid(e226aa0beae27f549ad888156fc86c17) Importer(815301076,1909f56bfc062723c751e8b465ee728b)  -> (artifact id: 'f89d7972a550642eaccccd0bb7e5fd7b') in 0.361785 seconds 
========================================================================
Received Import Request.
  Time since last request: 124.780182 seconds.
  path: Assets/Invector-3rdPersonController/Basic Locomotion/Resources/itemManagerIcon.png
  artifactKey: Guid(60aa5caf6fecc3d4895bd0ef97501c73) Importer(815301076,1909f56bfc062723c751e8b465ee728b)
Start importing Assets/Invector-3rdPersonController/Basic Locomotion/Resources/itemManagerIcon.png using Guid(60aa5caf6fecc3d4895bd0ef97501c73) Importer(815301076,1909f56bfc062723c751e8b465ee728b)  -> (artifact id: '67ad15f437f6c7772eaa68f0880fe9aa') in 0.060475 seconds 
========================================================================
Received Import Request.
  Time since last request: 0.000375 seconds.
  path: Assets/Invector-3rdPersonController/Basic Locomotion/HUD/gamePadIcons/joystickControls_v2.png
  artifactKey: Guid(01d3e53d273032943aea91fcae79d03d) Importer(815301076,1909f56bfc062723c751e8b465ee728b)
Start importing Assets/Invector-3rdPersonController/Basic Locomotion/HUD/gamePadIcons/joystickControls_v2.png using Guid(01d3e53d273032943aea91fcae79d03d) Importer(815301076,1909f56bfc062723c751e8b465ee728b)  -> (artifact id: '74916499136c00ba6550301826f61abd') in 0.066236 seconds 
========================================================================
Received Import Request.
  Time since last request: 0.000263 seconds.
  path: Assets/Invector-3rdPersonController/Basic Locomotion/Resources/BoxHover.png
  artifactKey: Guid(66ea7f6b43ba67c438c6ecebcc5a5c0c) Importer(815301076,1909f56bfc062723c751e8b465ee728b)
Start importing Assets/Invector-3rdPersonController/Basic Locomotion/Resources/BoxHover.png using Guid(66ea7f6b43ba67c438c6ecebcc5a5c0c) Importer(815301076,1909f56bfc062723c751e8b465ee728b)  -> (artifact id: 'd2ebaec4c4feda9832c538ecfc8c815f') in 0.032660 seconds 
========================================================================
Received Import Request.
  Time since last request: 0.000325 seconds.
  path: Assets/Invector-3rdPersonController/Basic Locomotion/HUD/guide-texts/jumpover.png
  artifactKey: Guid(3b121e011b468bf449b95cd1f74fd045) Importer(815301076,1909f56bfc062723c751e8b465ee728b)
Start importing Assets/Invector-3rdPersonController/Basic Locomotion/HUD/guide-texts/jumpover.png using Guid(3b121e011b468bf449b95cd1f74fd045) Importer(815301076,1909f56bfc062723c751e8b465ee728b)  -> (artifact id: '910908a4b6cf14e3ba00455ee9b00628') in 0.026975 seconds 
========================================================================
Received Import Request.
  Time since last request: 0.000336 seconds.
  path: Assets/Invector-3rdPersonController/Basic Locomotion/Resources/Box.png
  artifactKey: Guid(74661375bb0a1fd42bb3297c24c9e2c5) Importer(815301076,1909f56bfc062723c751e8b465ee728b)
Start importing Assets/Invector-3rdPersonController/Basic Locomotion/Resources/Box.png using Guid(74661375bb0a1fd42bb3297c24c9e2c5) Importer(815301076,1909f56bfc062723c751e8b465ee728b)  -> (artifact id: '1124ffe1a9b0593ee13bdc918b0192e2') in 0.028401 seconds 
========================================================================
Received Import Request.
  Time since last request: 0.000306 seconds.
  path: Assets/Invector-3rdPersonController/Basic Locomotion/Resources/boxLight.png
  artifactKey: Guid(9343ecc466b190245b24789e1fc2f085) Importer(815301076,1909f56bfc062723c751e8b465ee728b)
Start importing Assets/Invector-3rdPersonController/Basic Locomotion/Resources/boxLight.png using Guid(9343ecc466b190245b24789e1fc2f085) Importer(815301076,1909f56bfc062723c751e8b465ee728b)  -> (artifact id: '535ed8b6a56bc0094209952ffbfff225') in 0.049668 seconds 
========================================================================
Received Import Request.
  Time since last request: 0.000266 seconds.
  path: Assets/Invector-3rdPersonController/Basic Locomotion/3D Models/Particles/DamageEffect/textures/blood_PNG6108.png
  artifactKey: Guid(ae9ff7d86146cb244b69d262b095d3e6) Importer(815301076,1909f56bfc062723c751e8b465ee728b)
Start importing Assets/Invector-3rdPersonController/Basic Locomotion/3D Models/Particles/DamageEffect/textures/blood_PNG6108.png using Guid(ae9ff7d86146cb244b69d262b095d3e6) Importer(815301076,1909f56bfc062723c751e8b465ee728b)  -> (artifact id: '31aa67a26afd290452766e329d046d7d') in 0.043047 seconds 
========================================================================
Received Prepare
Registering precompiled user dll's ...
Registered in 0.006678 seconds.
Begin MonoManager ReloadAssembly
Native extension for WindowsStandalone target not found
Native extension for WebGL target not found
Refreshing native plugins compatible for Editor in 0.70 ms, found 2 plugins.
Preloading 0 native plugins for Editor in 0.00 ms.
Mono: successfully reloaded assembly
- Completed reload, in  2.770 seconds
Domain Reload Profiling:
	ReloadAssembly (2773ms)
		BeginReloadAssembly (1146ms)
			ExecutionOrderSort (0ms)
			DisableScriptedObjects (68ms)
			BackupInstance (0ms)
			ReleaseScriptingObjects (0ms)
			CreateAndSetChildDomain (649ms)
		EndReloadAssembly (1506ms)
			LoadAssemblies (298ms)
			RebuildTransferFunctionScriptingTraits (0ms)
			SetupTypeCache (496ms)
			ReleaseScriptCaches (2ms)
			RebuildScriptCaches (58ms)
			SetupLoadedEditorAssemblies (639ms)
				LogAssemblyErrors (0ms)
				InitializePlatformSupportModulesInManaged (9ms)
				SetLoadedEditorAssemblies (2ms)
				RefreshPlugins (1ms)
				BeforeProcessingInitializeOnLoad (129ms)
				ProcessInitializeOnLoadAttributes (472ms)
				ProcessInitializeOnLoadMethodAttributes (12ms)
				AfterProcessingInitializeOnLoad (15ms)
				EditorAssembliesLoaded (0ms)
			ExecutionOrderSort2 (0ms)
			AwakeInstancesAfterBackupRestoration (9ms)
Platform modules already initialized, skipping
Refreshing native plugins compatible for Editor in 0.72 ms, found 2 plugins.
Preloading 0 native plugins for Editor in 0.00 ms.
Unloading 2982 Unused Serialized files (Serialized files now loaded: 0)
System memory in use before: 136.4 MB.
System memory in use after: 133.6 MB.

Unloading 47 unused Assets to reduce memory usage. Loaded Objects now: 3537.
Total: 8.967600 ms (FindLiveObjects: 0.348800 ms CreateObjectMapping: 0.154800 ms MarkObjects: 6.382300 ms  DeleteObjects: 2.079700 ms)

AssetImportParameters requested are different than current active one (requested -> active):
  custom:framework-win-MediaFoundation: 216162199b28c13a410421893ffa2e32 -> 
  custom:video-decoder-ogg-theora: a1e56fd34408186e4bbccfd4996cb3dc -> 
  custom:container-muxer-webm: aa71ff27fc2769a1b78a27578f13a17b -> 
  custom:container-demuxer-webm: 4f35f7cbe854078d1ac9338744f61a02 -> 
  custom:container-demuxer-ogg: 62fdf1f143b41e24485cea50d1cbac27 -> 
  custom:video-encoder-webm-vp8: eb34c28f22e8b96e1ab97ce403110664 -> 
  custom:video-decoder-webm-vp8: 9c59270c3fd7afecdb556c50c9e8de78 -> 
  custom:audio-decoder-ogg-vorbis: bf7c407c2cedff20999df2af8eb42d56 -> 
  custom:audio-encoder-webm-vorbis: bf7c407c2cedff20999df2af8eb42d56 -> 
AssetImportWorkerClient::OnTransportError - code=2 error=End of file
